0 verbose cli C:\Program Files\nodejs\node.exe C:\Users\manit\AppData\Roaming\npm\node_modules\npm\bin\npm-cli.js
1 info using npm@11.7.0
2 info using node@v24.11.1
3 silly config load:file:C:\Users\manit\AppData\Roaming\npm\node_modules\npm\npmrc
4 silly config load:file:C:\Users\manit\Documents\code\MERN_community_forum_page\server\.npmrc
5 silly config load:file:C:\Users\manit\.npmrc
6 silly config load:file:C:\Users\manit\AppData\Roaming\npm\etc\npmrc
7 verbose title npm install bcrypt
8 verbose argv "install" "bcrypt"
9 verbose logfile logs-max:10 dir:C:\Users\manit\Documents\code\MERN_community_forum_page\server\src\%AppData%\npm-cache\_logs\2026-01-06T17_54_23_931Z-
10 verbose logfile C:\Users\manit\Documents\code\MERN_community_forum_page\server\src\%AppData%\npm-cache\_logs\2026-01-06T17_54_23_931Z-debug-0.log
11 silly logfile done cleaning log files
12 silly packumentCache heap:2348810240 maxSize:587202560 maxEntrySize:293601280
13 silly idealTree buildDeps
14 silly fetch manifest bcrypt@*
15 silly packumentCache full:https://registry.npmjs.org/bcrypt cache-miss
16 http fetch GET 200 https://registry.npmjs.org/npm 205ms
17 http fetch GET 200 https://registry.npmjs.org/bcrypt 173ms (cache miss)
18 silly packumentCache full:https://registry.npmjs.org/bcrypt set size:undefined disposed:false
19 silly placeDep ROOT bcrypt@6.0.0 OK for:  want: *
20 silly fetch manifest node-addon-api@^8.3.0
21 silly packumentCache full:https://registry.npmjs.org/node-addon-api cache-miss
22 silly fetch manifest node-gyp-build@^4.8.4
23 silly packumentCache full:https://registry.npmjs.org/node-gyp-build cache-miss
24 http fetch GET 200 https://registry.npmjs.org/node-gyp-build 35ms (cache miss)
25 silly packumentCache full:https://registry.npmjs.org/node-gyp-build set size:undefined disposed:false
26 http fetch GET 200 https://registry.npmjs.org/node-addon-api 41ms (cache miss)
27 silly packumentCache full:https://registry.npmjs.org/node-addon-api set size:undefined disposed:false
28 silly placeDep ROOT node-addon-api@8.5.0 OK for: bcrypt@6.0.0 want: ^8.3.0
29 silly placeDep ROOT node-gyp-build@4.8.4 OK for: bcrypt@6.0.0 want: ^4.8.4
30 silly reify moves {}
31 silly audit bulk request {
31 silly audit   '@mongodb-js/saslprep': [ '1.4.4' ],
31 silly audit   '@types/webidl-conversions': [ '7.0.3' ],
31 silly audit   '@types/whatwg-url': [ '13.0.0' ],
31 silly audit   accepts: [ '2.0.0' ],
31 silly audit   asynckit: [ '0.4.0' ],
31 silly audit   axios: [ '1.13.2' ],
31 silly audit   'body-parser': [ '2.2.1' ],
31 silly audit   bson: [ '7.0.0' ],
31 silly audit   'buffer-equal-constant-time': [ '1.0.1' ],
31 silly audit   bytes: [ '3.1.2' ],
31 silly audit   'call-bind-apply-helpers': [ '1.0.2' ],
31 silly audit   'call-bound': [ '1.0.4' ],
31 silly audit   'combined-stream': [ '1.0.8' ],
31 silly audit   'content-disposition': [ '1.0.1' ],
31 silly audit   'content-type': [ '1.0.5' ],
31 silly audit   cookie: [ '0.7.2' ],
31 silly audit   'cookie-signature': [ '1.2.2' ],
31 silly audit   cors: [ '2.8.5' ],
31 silly audit   debug: [ '4.4.3' ],
31 silly audit   'delayed-stream': [ '1.0.0' ],
31 silly audit   depd: [ '2.0.0' ],
31 silly audit   'dunder-proto': [ '1.0.1' ],
31 silly audit   'ecdsa-sig-formatter': [ '1.0.11' ],
31 silly audit   'ee-first': [ '1.1.1' ],
31 silly audit   encodeurl: [ '2.0.0' ],
31 silly audit   'es-define-property': [ '1.0.1' ],
31 silly audit   'es-errors': [ '1.3.0' ],
31 silly audit   'es-object-atoms': [ '1.1.1' ],
31 silly audit   'es-set-tostringtag': [ '2.1.0' ],
31 silly audit   'escape-html': [ '1.0.3' ],
31 silly audit   etag: [ '1.8.1' ],
31 silly audit   express: [ '5.2.1' ],
31 silly audit   finalhandler: [ '2.1.1' ],
31 silly audit   'follow-redirects': [ '1.15.11' ],
31 silly audit   'form-data': [ '4.0.5' ],
31 silly audit   'mime-db': [ '1.52.0', '1.54.0' ],
31 silly audit   'mime-types': [ '2.1.35', '3.0.2' ],
31 silly audit   forwarded: [ '0.2.0' ],
31 silly audit   fresh: [ '2.0.0' ],
31 silly audit   'function-bind': [ '1.1.2' ],
31 silly audit   'get-intrinsic': [ '1.3.0' ],
31 silly audit   'get-proto': [ '1.0.1' ],
31 silly audit   gopd: [ '1.2.0' ],
31 silly audit   'has-symbols': [ '1.1.0' ],
31 silly audit   'has-tostringtag': [ '1.0.2' ],
31 silly audit   hasown: [ '2.0.2' ],
31 silly audit   'http-errors': [ '2.0.1' ],
31 silly audit   'iconv-lite': [ '0.7.1' ],
31 silly audit   inherits: [ '2.0.4' ],
31 silly audit   'ipaddr.js': [ '1.9.1' ],
31 silly audit   'is-promise': [ '4.0.0' ],
31 silly audit   jsonwebtoken: [ '9.0.3' ],
31 silly audit   jwa: [ '2.0.1' ],
31 silly audit   jws: [ '4.0.1' ],
31 silly audit   kareem: [ '3.0.0' ],
31 silly audit   'lodash.includes': [ '4.3.0' ],
31 silly audit   'lodash.isboolean': [ '3.0.3' ],
31 silly audit   'lodash.isinteger': [ '4.0.4' ],
31 silly audit   'lodash.isnumber': [ '3.0.3' ],
31 silly audit   'lodash.isplainobject': [ '4.0.6' ],
31 silly audit   'lodash.isstring': [ '4.0.1' ],
31 silly audit   'lodash.once': [ '4.1.1' ],
31 silly audit   'math-intrinsics': [ '1.1.0' ],
31 silly audit   'media-typer': [ '1.1.0' ],
31 silly audit   'memory-pager': [ '1.5.0' ],
31 silly audit   'merge-descriptors': [ '2.0.0' ],
31 silly audit   mongodb: [ '7.0.0' ],
31 silly audit   'mongodb-connection-string-url': [ '7.0.0' ],
31 silly audit   mongoose: [ '9.1.1' ],
31 silly audit   mpath: [ '0.9.0' ],
31 silly audit   mquery: [ '6.0.0' ],
31 silly audit   ms: [ '2.1.3' ],
31 silly audit   negotiator: [ '1.0.0' ],
31 silly audit   'object-assign': [ '4.1.1' ],
31 silly audit   'object-inspect': [ '1.13.4' ],
31 silly audit   'on-finished': [ '2.4.1' ],
31 silly audit   once: [ '1.4.0' ],
31 silly audit   parseurl: [ '1.3.3' ],
31 silly audit   'path-to-regexp': [ '8.3.0' ],
31 silly audit   'proxy-addr': [ '2.0.7' ],
31 silly audit   'proxy-from-env': [ '1.1.0' ],
31 silly audit   punycode: [ '2.3.1' ],
31 silly audit   qs: [ '6.14.1' ],
31 silly audit   'range-parser': [ '1.2.1' ],
31 silly audit   'raw-body': [ '3.0.2' ],
31 silly audit   router: [ '2.2.0' ],
31 silly audit   'safe-buffer': [ '5.2.1' ],
31 silly audit   'safer-buffer': [ '2.1.2' ],
31 silly audit   semver: [ '7.7.3' ],
31 silly audit   send: [ '1.2.1' ],
31 silly audit   'serve-static': [ '2.2.1' ],
31 silly audit   setprototypeof: [ '1.2.0' ],
31 silly audit   'side-channel': [ '1.1.0' ],
31 silly audit   'side-channel-list': [ '1.0.0' ],
31 silly audit   'side-channel-map': [ '1.0.1' ],
31 silly audit   'side-channel-weakmap': [ '1.0.2' ],
31 silly audit   sift: [ '17.1.3' ],
31 silly audit   'sparse-bitfield': [ '3.0.3' ],
31 silly audit   statuses: [ '2.0.2' ],
31 silly audit   toidentifier: [ '1.0.1' ],
31 silly audit   tr46: [ '5.1.1' ],
31 silly audit   'type-is': [ '2.0.1' ],
31 silly audit   unpipe: [ '1.0.0' ],
31 silly audit   vary: [ '1.1.2' ],
31 silly audit   'webidl-conversions': [ '7.0.0' ],
31 silly audit   'whatwg-url': [ '14.2.0' ],
31 silly audit   wrappy: [ '1.0.2' ],
31 silly audit   bcrypt: [ '6.0.0' ],
31 silly audit   'node-addon-api': [ '8.5.0' ],
31 silly audit   'node-gyp-build': [ '4.8.4' ]
31 silly audit }
32 http cache node-gyp-build@https://registry.npmjs.org/node-gyp-build/-/node-gyp-build-4.8.4.tgz 0ms (cache hit)
33 http cache node-addon-api@https://registry.npmjs.org/node-addon-api/-/node-addon-api-8.5.0.tgz 0ms (cache hit)
34 http cache bcrypt@https://registry.npmjs.org/bcrypt/-/bcrypt-6.0.0.tgz 0ms (cache hit)
35 silly tarball no local data for node-gyp-build@https://registry.npmjs.org/node-gyp-build/-/node-gyp-build-4.8.4.tgz. Extracting by manifest.
36 silly tarball no local data for node-addon-api@https://registry.npmjs.org/node-addon-api/-/node-addon-api-8.5.0.tgz. Extracting by manifest.
37 silly tarball no local data for bcrypt@https://registry.npmjs.org/bcrypt/-/bcrypt-6.0.0.tgz. Extracting by manifest.
38 http fetch GET 200 https://registry.npmjs.org/node-gyp-build/-/node-gyp-build-4.8.4.tgz 50ms (cache miss)
39 http fetch GET 200 https://registry.npmjs.org/node-addon-api/-/node-addon-api-8.5.0.tgz 172ms (cache miss)
40 http fetch GET 200 https://registry.npmjs.org/bcrypt/-/bcrypt-6.0.0.tgz 245ms (cache miss)
41 http fetch POST 200 https://registry.npmjs.org/-/npm/v1/security/advisories/bulk 264ms
42 silly audit report {}
43 info run bcrypt@6.0.0 install node_modules/bcrypt node-gyp-build
44 info run bcrypt@6.0.0 install { code: 0, signal: null }
45 silly ADD node_modules/node-gyp-build
46 silly ADD node_modules/node-addon-api
47 silly ADD node_modules/bcrypt
48 verbose cwd C:\Users\manit\Documents\code\MERN_community_forum_page\server\src
49 verbose os Windows_NT 10.0.26200
50 verbose node v24.11.1
51 verbose npm  v11.7.0
52 verbose exit 0
53 info ok
