0 verbose cli C:\Program Files\nodejs\node.exe C:\Users\manit\AppData\Roaming\npm\node_modules\npm\bin\npm-cli.js
1 info using npm@11.7.0
2 info using node@v24.11.1
3 silly config load:file:C:\Users\manit\AppData\Roaming\npm\node_modules\npm\npmrc
4 silly config load:file:C:\Users\manit\Documents\code\MERN_community_forum_page\server\.npmrc
5 silly config load:file:C:\Users\manit\.npmrc
6 silly config load:file:C:\Users\manit\AppData\Roaming\npm\etc\npmrc
7 verbose title npm install dotevv
8 verbose argv "install" "dotevv"
9 verbose logfile logs-max:10 dir:C:\Users\manit\Documents\code\MERN_community_forum_page\server\src\%AppData%\npm-cache\_logs\2026-01-06T18_04_50_957Z-
10 verbose logfile C:\Users\manit\Documents\code\MERN_community_forum_page\server\src\%AppData%\npm-cache\_logs\2026-01-06T18_04_50_957Z-debug-0.log
11 silly logfile done cleaning log files
12 silly packumentCache heap:2348810240 maxSize:587202560 maxEntrySize:293601280
13 silly idealTree buildDeps
14 silly fetch manifest dotevv@*
15 silly packumentCache full:https://registry.npmjs.org/dotevv cache-miss
16 http fetch GET 404 https://registry.npmjs.org/dotevv 950ms (cache skip)
17 silly placeDep ROOT dotevv@ OK for:  want: *
18 verbose stack HttpErrorGeneral: 404 Not Found - GET https://registry.npmjs.org/dotevv - Not found
18 verbose stack     at C:\Users\manit\AppData\Roaming\npm\node_modules\npm\node_modules\npm-registry-fetch\lib\check-response.js:103:15
18 verbose stack     at process.processTicksAndRejections (node:internal/process/task_queues:103:5)
18 verbose stack     at async RegistryFetcher.packument (C:\Users\manit\AppData\Roaming\npm\node_modules\npm\node_modules\pacote\lib\registry.js:90:19)
18 verbose stack     at async RegistryFetcher.manifest (C:\Users\manit\AppData\Roaming\npm\node_modules\npm\node_modules\pacote\lib\registry.js:128:23)
18 verbose stack     at async #fetchManifest (C:\Users\manit\AppData\Roaming\npm\node_modules\npm\node_modules\@npmcli\arborist\lib\arborist\build-ideal-tree.js:1216:20)
18 verbose stack     at async #nodeFromEdge (C:\Users\manit\AppData\Roaming\npm\node_modules\npm\node_modules\@npmcli\arborist\lib\arborist\build-ideal-tree.js:1054:19)
18 verbose stack     at async #buildDepStep (C:\Users\manit\AppData\Roaming\npm\node_modules\npm\node_modules\@npmcli\arborist\lib\arborist\build-ideal-tree.js:918:11)
18 verbose stack     at async Arborist.buildIdealTree (C:\Users\manit\AppData\Roaming\npm\node_modules\npm\node_modules\@npmcli\arborist\lib\arborist\build-ideal-tree.js:170:7)
18 verbose stack     at async Promise.all (index 1)
18 verbose stack     at async Arborist.reify (C:\Users\manit\AppData\Roaming\npm\node_modules\npm\node_modules\@npmcli\arborist\lib\arborist\reify.js:110:5)
19 verbose statusCode 404
20 verbose pkgid dotevv@*
21 error code E404
22 error 404 Not Found - GET https://registry.npmjs.org/dotevv - Not found
23 error 404
24 error 404  The requested resource 'dotevv@*' could not be found or you do not have permission to access it.
25 error 404
26 error 404 Note that you can also install from a
27 error 404 tarball, folder, http url, or git url.
28 silly unfinished npm timer reify 1767722691376
29 silly unfinished npm timer reify:loadTrees 1767722691377
30 verbose cwd C:\Users\manit\Documents\code\MERN_community_forum_page\server\src
31 verbose os Windows_NT 10.0.26200
32 verbose node v24.11.1
33 verbose npm  v11.7.0
34 verbose exit 1
35 verbose code 1
36 error A complete log of this run can be found in: C:\Users\manit\Documents\code\MERN_community_forum_page\server\src\%AppData%\npm-cache\_logs\2026-01-06T18_04_50_957Z-debug-0.log
