0 verbose cli C:\Program Files\nodejs\node.exe C:\Users\manit\AppData\Roaming\npm\node_modules\npm\bin\npm-cli.js
1 info using npm@11.7.0
2 info using node@v24.11.1
3 silly config load:file:C:\Users\manit\AppData\Roaming\npm\node_modules\npm\npmrc
4 silly config load:file:C:\Users\manit\Documents\code\MERN_community_forum_page\server\.npmrc
5 silly config load:file:C:\Users\manit\.npmrc
6 silly config load:file:C:\Users\manit\AppData\Roaming\npm\etc\npmrc
7 verbose title npm install jsonwebtoken
8 verbose argv "install" "jsonwebtoken"
9 verbose logfile logs-max:10 dir:C:\Users\manit\Documents\code\MERN_community_forum_page\server\src\%AppData%\npm-cache\_logs\2026-01-06T13_55_07_069Z-
10 verbose logfile C:\Users\manit\Documents\code\MERN_community_forum_page\server\src\%AppData%\npm-cache\_logs\2026-01-06T13_55_07_069Z-debug-0.log
11 silly logfile done cleaning log files
12 silly packumentCache heap:2348810240 maxSize:587202560 maxEntrySize:293601280
13 silly idealTree buildDeps
14 silly fetch manifest jsonwebtoken@*
15 silly packumentCache full:https://registry.npmjs.org/jsonwebtoken cache-miss
16 http fetch GET 200 https://registry.npmjs.org/npm 183ms
17 http fetch GET 200 https://registry.npmjs.org/jsonwebtoken 146ms (cache miss)
18 silly packumentCache full:https://registry.npmjs.org/jsonwebtoken set size:undefined disposed:false
19 silly placeDep ROOT jsonwebtoken@9.0.3 OK for:  want: *
20 silly fetch manifest jws@^4.0.1
21 silly packumentCache full:https://registry.npmjs.org/jws cache-miss
22 silly fetch manifest semver@^7.5.4
23 silly packumentCache full:https://registry.npmjs.org/semver cache-miss
24 silly fetch manifest lodash.once@^4.0.0
25 silly packumentCache full:https://registry.npmjs.org/lodash.once cache-miss
26 silly fetch manifest lodash.includes@^4.3.0
27 silly packumentCache full:https://registry.npmjs.org/lodash.includes cache-miss
28 silly fetch manifest lodash.isnumber@^3.0.3
29 silly packumentCache full:https://registry.npmjs.org/lodash.isnumber cache-miss
30 silly fetch manifest lodash.isstring@^4.0.1
31 silly packumentCache full:https://registry.npmjs.org/lodash.isstring cache-miss
32 silly fetch manifest lodash.isboolean@^3.0.3
33 silly packumentCache full:https://registry.npmjs.org/lodash.isboolean cache-miss
34 http fetch GET 200 https://registry.npmjs.org/jws 63ms (cache miss)
35 silly packumentCache full:https://registry.npmjs.org/jws set size:undefined disposed:false
36 silly fetch manifest lodash.isinteger@^4.0.4
37 silly packumentCache full:https://registry.npmjs.org/lodash.isinteger cache-miss
38 http fetch GET 200 https://registry.npmjs.org/semver 67ms (cache miss)
39 silly packumentCache full:https://registry.npmjs.org/semver set size:undefined disposed:false
40 silly fetch manifest lodash.isplainobject@^4.0.6
41 silly packumentCache full:https://registry.npmjs.org/lodash.isplainobject cache-miss
42 http fetch GET 200 https://registry.npmjs.org/lodash.isnumber 96ms (cache miss)
43 silly packumentCache full:https://registry.npmjs.org/lodash.isnumber set size:undefined disposed:false
44 http fetch GET 200 https://registry.npmjs.org/lodash.once 99ms (cache miss)
45 silly packumentCache full:https://registry.npmjs.org/lodash.once set size:undefined disposed:false
46 http fetch GET 200 https://registry.npmjs.org/lodash.isstring 100ms (cache miss)
47 silly packumentCache full:https://registry.npmjs.org/lodash.isstring set size:undefined disposed:false
48 http fetch GET 200 https://registry.npmjs.org/lodash.isboolean 103ms (cache miss)
49 silly packumentCache full:https://registry.npmjs.org/lodash.isboolean set size:undefined disposed:false
50 http fetch GET 200 https://registry.npmjs.org/lodash.isinteger 43ms (cache miss)
51 silly packumentCache full:https://registry.npmjs.org/lodash.isinteger set size:undefined disposed:false
52 http fetch GET 200 https://registry.npmjs.org/lodash.includes 108ms (cache miss)
53 silly packumentCache full:https://registry.npmjs.org/lodash.includes set size:undefined disposed:false
54 http fetch GET 200 https://registry.npmjs.org/lodash.isplainobject 39ms (cache miss)
55 silly packumentCache full:https://registry.npmjs.org/lodash.isplainobject set size:undefined disposed:false
56 silly placeDep ROOT jws@4.0.1 OK for: jsonwebtoken@9.0.3 want: ^4.0.1
57 silly placeDep ROOT lodash.includes@4.3.0 OK for: jsonwebtoken@9.0.3 want: ^4.3.0
58 silly placeDep ROOT lodash.isboolean@3.0.3 OK for: jsonwebtoken@9.0.3 want: ^3.0.3
59 silly placeDep ROOT lodash.isinteger@4.0.4 OK for: jsonwebtoken@9.0.3 want: ^4.0.4
60 silly placeDep ROOT lodash.isnumber@3.0.3 OK for: jsonwebtoken@9.0.3 want: ^3.0.3
61 silly placeDep ROOT lodash.isplainobject@4.0.6 OK for: jsonwebtoken@9.0.3 want: ^4.0.6
62 silly placeDep ROOT lodash.isstring@4.0.1 OK for: jsonwebtoken@9.0.3 want: ^4.0.1
63 silly placeDep ROOT lodash.once@4.1.1 OK for: jsonwebtoken@9.0.3 want: ^4.0.0
64 silly placeDep ROOT semver@7.7.3 OK for: jsonwebtoken@9.0.3 want: ^7.5.4
65 silly fetch manifest jwa@^2.0.1
66 silly packumentCache full:https://registry.npmjs.org/jwa cache-miss
67 silly fetch manifest safe-buffer@^5.0.1
68 silly packumentCache full:https://registry.npmjs.org/safe-buffer cache-miss
69 http fetch GET 200 https://registry.npmjs.org/jwa 37ms (cache miss)
70 silly packumentCache full:https://registry.npmjs.org/jwa set size:undefined disposed:false
71 http fetch GET 200 https://registry.npmjs.org/safe-buffer 44ms (cache miss)
72 silly packumentCache full:https://registry.npmjs.org/safe-buffer set size:undefined disposed:false
73 silly placeDep ROOT jwa@2.0.1 OK for: jws@4.0.1 want: ^2.0.1
74 silly placeDep ROOT safe-buffer@5.2.1 OK for: jws@4.0.1 want: ^5.0.1
75 silly fetch manifest ecdsa-sig-formatter@1.0.11
76 silly packumentCache full:https://registry.npmjs.org/ecdsa-sig-formatter cache-miss
77 silly fetch manifest buffer-equal-constant-time@^1.0.1
78 silly packumentCache full:https://registry.npmjs.org/buffer-equal-constant-time cache-miss
79 http fetch GET 200 https://registry.npmjs.org/buffer-equal-constant-time 34ms (cache miss)
80 silly packumentCache full:https://registry.npmjs.org/buffer-equal-constant-time set size:undefined disposed:false
81 http fetch GET 200 https://registry.npmjs.org/ecdsa-sig-formatter 297ms (cache miss)
82 silly packumentCache full:https://registry.npmjs.org/ecdsa-sig-formatter set size:undefined disposed:false
83 silly placeDep ROOT buffer-equal-constant-time@1.0.1 OK for: jwa@2.0.1 want: ^1.0.1
84 silly placeDep ROOT ecdsa-sig-formatter@1.0.11 OK for: jwa@2.0.1 want: 1.0.11
85 silly reify moves {}
86 silly audit bulk request {
86 silly audit   '@mongodb-js/saslprep': [ '1.4.4' ],
86 silly audit   '@types/webidl-conversions': [ '7.0.3' ],
86 silly audit   '@types/whatwg-url': [ '13.0.0' ],
86 silly audit   accepts: [ '2.0.0' ],
86 silly audit   asynckit: [ '0.4.0' ],
86 silly audit   axios: [ '1.13.2' ],
86 silly audit   'body-parser': [ '2.2.1' ],
86 silly audit   bson: [ '7.0.0' ],
86 silly audit   bytes: [ '3.1.2' ],
86 silly audit   'call-bind-apply-helpers': [ '1.0.2' ],
86 silly audit   'call-bound': [ '1.0.4' ],
86 silly audit   'combined-stream': [ '1.0.8' ],
86 silly audit   'content-disposition': [ '1.0.1' ],
86 silly audit   'content-type': [ '1.0.5' ],
86 silly audit   cookie: [ '0.7.2' ],
86 silly audit   'cookie-signature': [ '1.2.2' ],
86 silly audit   cors: [ '2.8.5' ],
86 silly audit   debug: [ '4.4.3' ],
86 silly audit   'delayed-stream': [ '1.0.0' ],
86 silly audit   depd: [ '2.0.0' ],
86 silly audit   'dunder-proto': [ '1.0.1' ],
86 silly audit   'ee-first': [ '1.1.1' ],
86 silly audit   encodeurl: [ '2.0.0' ],
86 silly audit   'es-define-property': [ '1.0.1' ],
86 silly audit   'es-errors': [ '1.3.0' ],
86 silly audit   'es-object-atoms': [ '1.1.1' ],
86 silly audit   'es-set-tostringtag': [ '2.1.0' ],
86 silly audit   'escape-html': [ '1.0.3' ],
86 silly audit   etag: [ '1.8.1' ],
86 silly audit   express: [ '5.2.1' ],
86 silly audit   finalhandler: [ '2.1.1' ],
86 silly audit   'follow-redirects': [ '1.15.11' ],
86 silly audit   'form-data': [ '4.0.5' ],
86 silly audit   'mime-db': [ '1.52.0', '1.54.0' ],
86 silly audit   'mime-types': [ '2.1.35', '3.0.2' ],
86 silly audit   forwarded: [ '0.2.0' ],
86 silly audit   fresh: [ '2.0.0' ],
86 silly audit   'function-bind': [ '1.1.2' ],
86 silly audit   'get-intrinsic': [ '1.3.0' ],
86 silly audit   'get-proto': [ '1.0.1' ],
86 silly audit   gopd: [ '1.2.0' ],
86 silly audit   'has-symbols': [ '1.1.0' ],
86 silly audit   'has-tostringtag': [ '1.0.2' ],
86 silly audit   hasown: [ '2.0.2' ],
86 silly audit   'http-errors': [ '2.0.1' ],
86 silly audit   'iconv-lite': [ '0.7.1' ],
86 silly audit   inherits: [ '2.0.4' ],
86 silly audit   'ipaddr.js': [ '1.9.1' ],
86 silly audit   'is-promise': [ '4.0.0' ],
86 silly audit   kareem: [ '3.0.0' ],
86 silly audit   'math-intrinsics': [ '1.1.0' ],
86 silly audit   'media-typer': [ '1.1.0' ],
86 silly audit   'memory-pager': [ '1.5.0' ],
86 silly audit   'merge-descriptors': [ '2.0.0' ],
86 silly audit   mongodb: [ '7.0.0' ],
86 silly audit   'mongodb-connection-string-url': [ '7.0.0' ],
86 silly audit   mongoose: [ '9.1.1' ],
86 silly audit   mpath: [ '0.9.0' ],
86 silly audit   mquery: [ '6.0.0' ],
86 silly audit   ms: [ '2.1.3' ],
86 silly audit   negotiator: [ '1.0.0' ],
86 silly audit   'object-assign': [ '4.1.1' ],
86 silly audit   'object-inspect': [ '1.13.4' ],
86 silly audit   'on-finished': [ '2.4.1' ],
86 silly audit   once: [ '1.4.0' ],
86 silly audit   parseurl: [ '1.3.3' ],
86 silly audit   'path-to-regexp': [ '8.3.0' ],
86 silly audit   'proxy-addr': [ '2.0.7' ],
86 silly audit   'proxy-from-env': [ '1.1.0' ],
86 silly audit   punycode: [ '2.3.1' ],
86 silly audit   qs: [ '6.14.1' ],
86 silly audit   'range-parser': [ '1.2.1' ],
86 silly audit   'raw-body': [ '3.0.2' ],
86 silly audit   router: [ '2.2.0' ],
86 silly audit   'safer-buffer': [ '2.1.2' ],
86 silly audit   send: [ '1.2.1' ],
86 silly audit   'serve-static': [ '2.2.1' ],
86 silly audit   setprototypeof: [ '1.2.0' ],
86 silly audit   'side-channel': [ '1.1.0' ],
86 silly audit   'side-channel-list': [ '1.0.0' ],
86 silly audit   'side-channel-map': [ '1.0.1' ],
86 silly audit   'side-channel-weakmap': [ '1.0.2' ],
86 silly audit   sift: [ '17.1.3' ],
86 silly audit   'sparse-bitfield': [ '3.0.3' ],
86 silly audit   statuses: [ '2.0.2' ],
86 silly audit   toidentifier: [ '1.0.1' ],
86 silly audit   tr46: [ '5.1.1' ],
86 silly audit   'type-is': [ '2.0.1' ],
86 silly audit   unpipe: [ '1.0.0' ],
86 silly audit   vary: [ '1.1.2' ],
86 silly audit   'webidl-conversions': [ '7.0.0' ],
86 silly audit   'whatwg-url': [ '14.2.0' ],
86 silly audit   wrappy: [ '1.0.2' ],
86 silly audit   jsonwebtoken: [ '9.0.3' ],
86 silly audit   jws: [ '4.0.1' ],
86 silly audit   'lodash.includes': [ '4.3.0' ],
86 silly audit   'lodash.isboolean': [ '3.0.3' ],
86 silly audit   'lodash.isinteger': [ '4.0.4' ],
86 silly audit   'lodash.isnumber': [ '3.0.3' ],
86 silly audit   'lodash.isplainobject': [ '4.0.6' ],
86 silly audit   'lodash.isstring': [ '4.0.1' ],
86 silly audit   'lodash.once': [ '4.1.1' ],
86 silly audit   semver: [ '7.7.3' ],
86 silly audit   jwa: [ '2.0.1' ],
86 silly audit   'safe-buffer': [ '5.2.1' ],
86 silly audit   'buffer-equal-constant-time': [ '1.0.1' ],
86 silly audit   'ecdsa-sig-formatter': [ '1.0.11' ]
86 silly audit }
87 http cache ecdsa-sig-formatter@https://registry.npmjs.org/ecdsa-sig-formatter/-/ecdsa-sig-formatter-1.0.11.tgz 0ms (cache hit)
88 http cache safe-buffer@https://registry.npmjs.org/safe-buffer/-/safe-buffer-5.2.1.tgz 0ms (cache hit)
89 http cache buffer-equal-constant-time@https://registry.npmjs.org/buffer-equal-constant-time/-/buffer-equal-constant-time-1.0.1.tgz 0ms (cache hit)
90 http cache jwa@https://registry.npmjs.org/jwa/-/jwa-2.0.1.tgz 0ms (cache hit)
91 http cache lodash.once@https://registry.npmjs.org/lodash.once/-/lodash.once-4.1.1.tgz 0ms (cache hit)
92 http cache semver@https://registry.npmjs.org/semver/-/semver-7.7.3.tgz 0ms (cache hit)
93 http cache lodash.isstring@https://registry.npmjs.org/lodash.isstring/-/lodash.isstring-4.0.1.tgz 0ms (cache hit)
94 http cache lodash.isplainobject@https://registry.npmjs.org/lodash.isplainobject/-/lodash.isplainobject-4.0.6.tgz 0ms (cache hit)
95 http cache lodash.isnumber@https://registry.npmjs.org/lodash.isnumber/-/lodash.isnumber-3.0.3.tgz 0ms (cache hit)
96 http cache lodash.isboolean@https://registry.npmjs.org/lodash.isboolean/-/lodash.isboolean-3.0.3.tgz 0ms (cache hit)
97 http cache lodash.isinteger@https://registry.npmjs.org/lodash.isinteger/-/lodash.isinteger-4.0.4.tgz 0ms (cache hit)
98 http cache lodash.includes@https://registry.npmjs.org/lodash.includes/-/lodash.includes-4.3.0.tgz 0ms (cache hit)
99 silly tarball no local data for ecdsa-sig-formatter@https://registry.npmjs.org/ecdsa-sig-formatter/-/ecdsa-sig-formatter-1.0.11.tgz. Extracting by manifest.
100 silly tarball no local data for safe-buffer@https://registry.npmjs.org/safe-buffer/-/safe-buffer-5.2.1.tgz. Extracting by manifest.
101 silly tarball no local data for buffer-equal-constant-time@https://registry.npmjs.org/buffer-equal-constant-time/-/buffer-equal-constant-time-1.0.1.tgz. Extracting by manifest.
102 silly tarball no local data for jwa@https://registry.npmjs.org/jwa/-/jwa-2.0.1.tgz. Extracting by manifest.
103 silly tarball no local data for lodash.once@https://registry.npmjs.org/lodash.once/-/lodash.once-4.1.1.tgz. Extracting by manifest.
104 silly tarball no local data for semver@https://registry.npmjs.org/semver/-/semver-7.7.3.tgz. Extracting by manifest.
105 silly tarball no local data for lodash.isstring@https://registry.npmjs.org/lodash.isstring/-/lodash.isstring-4.0.1.tgz. Extracting by manifest.
106 silly tarball no local data for lodash.isplainobject@https://registry.npmjs.org/lodash.isplainobject/-/lodash.isplainobject-4.0.6.tgz. Extracting by manifest.
107 silly tarball no local data for lodash.isnumber@https://registry.npmjs.org/lodash.isnumber/-/lodash.isnumber-3.0.3.tgz. Extracting by manifest.
108 silly tarball no local data for lodash.isboolean@https://registry.npmjs.org/lodash.isboolean/-/lodash.isboolean-3.0.3.tgz. Extracting by manifest.
109 silly tarball no local data for lodash.isinteger@https://registry.npmjs.org/lodash.isinteger/-/lodash.isinteger-4.0.4.tgz. Extracting by manifest.
110 silly tarball no local data for lodash.includes@https://registry.npmjs.org/lodash.includes/-/lodash.includes-4.3.0.tgz. Extracting by manifest.
111 http cache jsonwebtoken@https://registry.npmjs.org/jsonwebtoken/-/jsonwebtoken-9.0.3.tgz 0ms (cache hit)
112 http cache jws@https://registry.npmjs.org/jws/-/jws-4.0.1.tgz 0ms (cache hit)
113 silly tarball no local data for jsonwebtoken@https://registry.npmjs.org/jsonwebtoken/-/jsonwebtoken-9.0.3.tgz. Extracting by manifest.
114 silly tarball no local data for jws@https://registry.npmjs.org/jws/-/jws-4.0.1.tgz. Extracting by manifest.
115 http fetch GET 200 https://registry.npmjs.org/safe-buffer/-/safe-buffer-5.2.1.tgz 128ms (cache miss)
116 http fetch GET 200 https://registry.npmjs.org/jwa/-/jwa-2.0.1.tgz 142ms (cache miss)
117 http fetch GET 200 https://registry.npmjs.org/lodash.once/-/lodash.once-4.1.1.tgz 146ms (cache miss)
118 http fetch GET 200 https://registry.npmjs.org/buffer-equal-constant-time/-/buffer-equal-constant-time-1.0.1.tgz 153ms (cache miss)
119 http fetch GET 200 https://registry.npmjs.org/ecdsa-sig-formatter/-/ecdsa-sig-formatter-1.0.11.tgz 155ms (cache miss)
120 http fetch GET 200 https://registry.npmjs.org/lodash.isplainobject/-/lodash.isplainobject-4.0.6.tgz 151ms (cache miss)
121 http fetch GET 200 https://registry.npmjs.org/lodash.isnumber/-/lodash.isnumber-3.0.3.tgz 154ms (cache miss)
122 http fetch GET 200 https://registry.npmjs.org/lodash.isstring/-/lodash.isstring-4.0.1.tgz 160ms (cache miss)
123 http fetch GET 200 https://registry.npmjs.org/lodash.isinteger/-/lodash.isinteger-4.0.4.tgz 161ms (cache miss)
124 http fetch GET 200 https://registry.npmjs.org/lodash.isboolean/-/lodash.isboolean-3.0.3.tgz 163ms (cache miss)
125 http fetch GET 200 https://registry.npmjs.org/lodash.includes/-/lodash.includes-4.3.0.tgz 167ms (cache miss)
126 http fetch GET 200 https://registry.npmjs.org/jws/-/jws-4.0.1.tgz 166ms (cache miss)
127 http fetch GET 200 https://registry.npmjs.org/jsonwebtoken/-/jsonwebtoken-9.0.3.tgz 184ms (cache miss)
128 http fetch GET 200 https://registry.npmjs.org/semver/-/semver-7.7.3.tgz 253ms (cache miss)
129 http fetch POST 200 https://registry.npmjs.org/-/npm/v1/security/advisories/bulk 282ms
130 silly audit report {}
131 silly ADD node_modules/ecdsa-sig-formatter
132 silly ADD node_modules/buffer-equal-constant-time
133 silly ADD node_modules/safe-buffer
134 silly ADD node_modules/jwa
135 silly ADD node_modules/semver
136 silly ADD node_modules/lodash.once
137 silly ADD node_modules/lodash.isstring
138 silly ADD node_modules/lodash.isplainobject
139 silly ADD node_modules/lodash.isnumber
140 silly ADD node_modules/lodash.isinteger
141 silly ADD node_modules/lodash.isboolean
142 silly ADD node_modules/lodash.includes
143 silly ADD node_modules/jws
144 silly ADD node_modules/jsonwebtoken
145 verbose cwd C:\Users\manit\Documents\code\MERN_community_forum_page\server\src
146 verbose os Windows_NT 10.0.26200
147 verbose node v24.11.1
148 verbose npm  v11.7.0
149 verbose exit 0
150 info ok
